<?xml version="1.0" encoding="UTF-8"?>
<!-- Generated by org.testng.reporters.JUnitReportReporter -->
<testsuite hostname="DESKTOP-TSQ3Q8K" failures="0" tests="1" name="Scripts.Addtocart" time="25.157" errors="0" timestamp="2021-08-25T08:19:16 IST" skipped="0">
  <testcase classname="Scripts.Addtocart" name="tc1" time="25.157"/>
  <system-out>
    <![CDATA[SkillRary Courses]]>
  </system-out>
</testsuite> <!-- Scripts.Addtocart -->
