<?xml version="1.0" encoding="UTF-8"?>
<!-- Generated by org.testng.reporters.JUnitReportReporter -->
<testsuite hostname="DESKTOP-G8SC5PE" failures="0" tests="1" name="Scripts.News18Home" time="27.658" errors="0" timestamp="2021-12-21T15:52:50 IST" skipped="0">
  <testcase classname="Scripts.News18Home" name="home_Test" time="27.658"/>
  <system-out/>
</testsuite> <!-- Scripts.News18Home -->
